<?xml version="1.0" encoding="UTF-8"?>
<Site BuildName="Linux-g++"
	BuildStamp="20240310-2212-Experimental"
	Name="DESKTOP-CCIVBQJ"
	Generator="ctest-3.22.1"
	CompilerName="/usr/bin/g++"
	CompilerVersion="11.4.0"
	OSName="Linux"
	Hostname="DESKTOP-CCIVBQJ"
	OSRelease="5.15.146.1-microsoft-standard-WSL2"
	OSVersion="#1 SMP Thu Jan 11 04:09:03 UTC 2024"
	OSPlatform="x86_64"
	Is64Bits="1"
	VendorString="AuthenticAMD"
	VendorID="Advanced Micro Devices"
	FamilyID="25"
	ModelID="33"
	ProcessorCacheSize="512"
	NumberOfLogicalCPU="12"
	NumberOfPhysicalCPU="6"
	TotalVirtualMemory="4096"
	TotalPhysicalMemory="15947"
	LogicalProcessorsPerPhysical="2"
	ProcessorClockFrequency="3693.07"
	>
	<Testing>
		<StartDateTime>Mar 10 18:42 EDT</StartDateTime>
		<StartTestTime>1710110574</StartTestTime>
		<TestList/>
		<EndDateTime>Mar 10 18:42 EDT</EndDateTime>
		<EndTestTime>1710110574</EndTestTime>
		<ElapsedMinutes>0</ElapsedMinutes>
	</Testing>
</Site>
